2024-03-06 15:05:02,604 - 
 ○ Имя файла: .idea
 ○ Расширение файла: 
 ○ Это директория?: True
 ○ Родительская директория: C:\Users\ezhov\PycharmProjects\pythonProject1
2024-03-06 15:05:02,604 - 
 ○ Имя файла: file_info
 ○ Расширение файла: .log
 ○ Это директория?: False
 ○ Родительская директория: C:\Users\ezhov\PycharmProjects\pythonProject1
2024-03-06 15:05:02,605 - 
 ○ Имя файла: get_data
 ○ Расширение файла: .py
 ○ Это директория?: False
 ○ Родительская директория: C:\Users\ezhov\PycharmProjects\pythonProject1
2024-03-06 15:05:02,608 - 
 ○ Имя файла: README
 ○ Расширение файла: .md
 ○ Это директория?: False
 ○ Родительская директория: C:\Users\ezhov\PycharmProjects\pythonProject1
2024-03-06 15:05:02,608 - 
 ○ Имя файла: task
 ○ Расширение файла: .md
 ○ Это директория?: False
 ○ Родительская директория: C:\Users\ezhov\PycharmProjects\pythonProject1
